<?xml version="1.0"?>
<!DOCTYPE coverage SYSTEM "http://cobertura.sourceforge.net/xml/coverage-04.dtd">

<coverage line-rate="0.9106145251396648" branch-rate="0.7931034482758621" lines-covered="163" lines-valid="179" branches-covered="46" branches-valid="58" complexity="2.35" version="2.1.1" timestamp="1510172404652">
	<sources>
		<source>/home/pepe/Escritorio/gaspar/programacion/tecnicas_de_diseño/7510-TP1-Java/src/main/java</source>
		<source>--source</source>
	</sources>
	<packages>
		<package name="ar.uba.fi.tdd.rulogic" line-rate="0.0" branch-rate="1.0" complexity="1.0">
			<classes>
				<class name="ar.uba.fi.tdd.rulogic.App" filename="ar/uba/fi/tdd/rulogic/App.java" line-rate="0.0" branch-rate="1.0" complexity="1.0">
					<methods>
						<method name="&lt;init&gt;" signature="()V" line-rate="0.0" branch-rate="1.0" complexity="0">
							<lines>
								<line number="7" hits="0" branch="false"/>
							</lines>
						</method>
						<method name="main" signature="([Ljava/lang/String;)V" line-rate="0.0" branch-rate="1.0" complexity="0">
							<lines>
								<line number="10" hits="0" branch="false"/>
								<line number="11" hits="0" branch="false"/>
							</lines>
						</method>
					</methods>
					<lines>
						<line number="7" hits="0" branch="false"/>
						<line number="10" hits="0" branch="false"/>
						<line number="11" hits="0" branch="false"/>
					</lines>
				</class>
			</classes>
		</package>
		<package name="ar.uba.fi.tdd.rulogic.model" line-rate="0.9261363636363636" branch-rate="0.7931034482758621" complexity="2.3846153846153846">
			<classes>
				<class name="ar.uba.fi.tdd.rulogic.model.ConcreteDb" filename="ar/uba/fi/tdd/rulogic/model/ConcreteDb.java" line-rate="1.0" branch-rate="1.0" complexity="2.0">
					<methods>
						<method name="&lt;init&gt;" signature="()V" line-rate="1.0" branch-rate="1.0" complexity="0">
							<lines>
								<line number="18" hits="28" branch="false"/>
								<line number="19" hits="28" branch="false"/>
								<line number="20" hits="28" branch="false"/>
							</lines>
						</method>
						<method name="addFact" signature="(Ljava/lang/String;[Ljava/lang/String;)V" line-rate="1.0" branch-rate="1.0" complexity="0">
							<lines>
								<line number="33" hits="147" branch="false"/>
								<line number="34" hits="147" branch="true" condition-coverage="100% (2/2)">
									<conditions>
										<condition number="0" type="jump" coverage="100%"/>
									</conditions>
								</line>
								<line number="35" hits="56" branch="false"/>
								<line number="36" hits="56" branch="false"/>
								<line number="38" hits="147" branch="false"/>
								<line number="39" hits="147" branch="false"/>
							</lines>
						</method>
						<method name="containsFact" signature="(Ljava/lang/String;[Ljava/lang/String;)Z" line-rate="1.0" branch-rate="1.0" complexity="0">
							<lines>
								<line number="24" hits="189" branch="false"/>
								<line number="25" hits="189" branch="true" condition-coverage="100% (2/2)">
									<conditions>
										<condition number="0" type="jump" coverage="100%"/>
									</conditions>
								</line>
								<line number="26" hits="14" branch="false"/>
								<line number="28" hits="175" branch="false"/>
							</lines>
						</method>
						<method name="tupleToString" signature="([Ljava/lang/String;)Ljava/lang/String;" line-rate="1.0" branch-rate="1.0" complexity="0">
							<lines>
								<line number="11" hits="322" branch="false"/>
								<line number="12" hits="868" branch="true" condition-coverage="100% (2/2)">
									<conditions>
										<condition number="0" type="jump" coverage="100%"/>
									</conditions>
								</line>
								<line number="13" hits="546" branch="false"/>
								<line number="15" hits="322" branch="false"/>
							</lines>
						</method>
					</methods>
					<lines>
						<line number="11" hits="322" branch="false"/>
						<line number="12" hits="868" branch="true" condition-coverage="100% (2/2)">
							<conditions>
								<condition number="0" type="jump" coverage="100%"/>
							</conditions>
						</line>
						<line number="13" hits="546" branch="false"/>
						<line number="15" hits="322" branch="false"/>
						<line number="18" hits="28" branch="false"/>
						<line number="19" hits="28" branch="false"/>
						<line number="20" hits="28" branch="false"/>
						<line number="24" hits="189" branch="false"/>
						<line number="25" hits="189" branch="true" condition-coverage="100% (2/2)">
							<conditions>
								<condition number="0" type="jump" coverage="100%"/>
							</conditions>
						</line>
						<line number="26" hits="14" branch="false"/>
						<line number="28" hits="175" branch="false"/>
						<line number="33" hits="147" branch="false"/>
						<line number="34" hits="147" branch="true" condition-coverage="100% (2/2)">
							<conditions>
								<condition number="0" type="jump" coverage="100%"/>
							</conditions>
						</line>
						<line number="35" hits="56" branch="false"/>
						<line number="36" hits="56" branch="false"/>
						<line number="38" hits="147" branch="false"/>
						<line number="39" hits="147" branch="false"/>
					</lines>
				</class>
				<class name="ar.uba.fi.tdd.rulogic.model.Db" filename="ar/uba/fi/tdd/rulogic/model/Db.java" line-rate="1.0" branch-rate="1.0" complexity="1.0">
					<methods>
					</methods>
					<lines>
					</lines>
				</class>
				<class name="ar.uba.fi.tdd.rulogic.model.KnowledgeBase" filename="ar/uba/fi/tdd/rulogic/model/KnowledgeBase.java" line-rate="0.9310344827586207" branch-rate="1.0" complexity="3.0">
					<methods>
						<method name="&lt;init&gt;" signature="()V" line-rate="1.0" branch-rate="1.0" complexity="0">
							<lines>
								<line number="8" hits="7" branch="false"/>
								<line number="9" hits="7" branch="false"/>
								<line number="10" hits="7" branch="false"/>
							</lines>
						</method>
						<method name="answer" signature="(Ljava/lang/String;)Z" line-rate="1.0" branch-rate="1.0" complexity="0">
							<lines>
								<line number="39" hits="56" branch="false"/>
								<line number="40" hits="56" branch="false"/>
								<line number="41" hits="56" branch="false"/>
								<line number="42" hits="56" branch="true" condition-coverage="100% (2/2)">
									<conditions>
										<condition number="0" type="jump" coverage="100%"/>
									</conditions>
								</line>
								<line number="43" hits="35" branch="false"/>
								<line number="45" hits="21" branch="false"/>
								<line number="46" hits="21" branch="true" condition-coverage="100% (2/2)">
									<conditions>
										<condition number="0" type="jump" coverage="100%"/>
									</conditions>
								</line>
								<line number="47" hits="14" branch="false"/>
								<line number="49" hits="7" branch="false"/>
							</lines>
						</method>
						<method name="loadDb" signature="(Ljava/io/FileReader;)V" line-rate="1.0" branch-rate="1.0" complexity="0">
							<lines>
								<line number="14" hits="7" branch="false"/>
								<line number="15" hits="7" branch="false"/>
								<line number="16" hits="7" branch="false"/>
								<line number="17" hits="147" branch="true" condition-coverage="100% (2/2)">
									<conditions>
										<condition number="0" type="jump" coverage="100%"/>
									</conditions>
								</line>
								<line number="18" hits="140" branch="true" condition-coverage="100% (2/2)">
									<conditions>
										<condition number="0" type="jump" coverage="100%"/>
									</conditions>
								</line>
								<line number="19" hits="112" branch="false"/>
								<line number="20" hits="112" branch="false"/>
								<line number="21" hits="112" branch="false"/>
								<line number="22" hits="112" branch="false"/>
								<line number="23" hits="112" branch="false"/>
								<line number="24" hits="28" branch="false"/>
								<line number="25" hits="28" branch="false"/>
								<line number="26" hits="28" branch="false"/>
								<line number="27" hits="28" branch="false"/>
								<line number="29" hits="7" branch="false"/>
							</lines>
						</method>
						<method name="loadDb" signature="(Ljava/lang/String;)V" line-rate="0.0" branch-rate="1.0" complexity="0">
							<lines>
								<line number="34" hits="0" branch="false"/>
								<line number="35" hits="0" branch="false"/>
							</lines>
						</method>
					</methods>
					<lines>
						<line number="8" hits="7" branch="false"/>
						<line number="9" hits="7" branch="false"/>
						<line number="10" hits="7" branch="false"/>
						<line number="14" hits="7" branch="false"/>
						<line number="15" hits="7" branch="false"/>
						<line number="16" hits="7" branch="false"/>
						<line number="17" hits="147" branch="true" condition-coverage="100% (2/2)">
							<conditions>
								<condition number="0" type="jump" coverage="100%"/>
							</conditions>
						</line>
						<line number="18" hits="140" branch="true" condition-coverage="100% (2/2)">
							<conditions>
								<condition number="0" type="jump" coverage="100%"/>
							</conditions>
						</line>
						<line number="19" hits="112" branch="false"/>
						<line number="20" hits="112" branch="false"/>
						<line number="21" hits="112" branch="false"/>
						<line number="22" hits="112" branch="false"/>
						<line number="23" hits="112" branch="false"/>
						<line number="24" hits="28" branch="false"/>
						<line number="25" hits="28" branch="false"/>
						<line number="26" hits="28" branch="false"/>
						<line number="27" hits="28" branch="false"/>
						<line number="29" hits="7" branch="false"/>
						<line number="34" hits="0" branch="false"/>
						<line number="35" hits="0" branch="false"/>
						<line number="39" hits="56" branch="false"/>
						<line number="40" hits="56" branch="false"/>
						<line number="41" hits="56" branch="false"/>
						<line number="42" hits="56" branch="true" condition-coverage="100% (2/2)">
							<conditions>
								<condition number="0" type="jump" coverage="100%"/>
							</conditions>
						</line>
						<line number="43" hits="35" branch="false"/>
						<line number="45" hits="21" branch="false"/>
						<line number="46" hits="21" branch="true" condition-coverage="100% (2/2)">
							<conditions>
								<condition number="0" type="jump" coverage="100%"/>
							</conditions>
						</line>
						<line number="47" hits="14" branch="false"/>
						<line number="49" hits="7" branch="false"/>
					</lines>
				</class>
				<class name="ar.uba.fi.tdd.rulogic.model.Parser" filename="ar/uba/fi/tdd/rulogic/model/Parser.java" line-rate="0.9295774647887324" branch-rate="0.8" complexity="2.8666666666666667">
					<methods>
						<method name="&lt;clinit&gt;" signature="()V" line-rate="1.0" branch-rate="1.0" complexity="0">
							<lines>
								<line number="14" hits="7" branch="false"/>
								<line number="15" hits="7" branch="false"/>
								<line number="16" hits="7" branch="false"/>
								<line number="17" hits="7" branch="false"/>
								<line number="18" hits="7" branch="false"/>
								<line number="19" hits="7" branch="false"/>
								<line number="20" hits="7" branch="false"/>
							</lines>
						</method>
						<method name="&lt;init&gt;" signature="()V" line-rate="0.0" branch-rate="1.0" complexity="0">
							<lines>
								<line number="10" hits="0" branch="false"/>
							</lines>
						</method>
						<method name="chop" signature="(Ljava/lang/String;)Ljava/lang/String;" line-rate="0.875" branch-rate="0.75" complexity="0">
							<lines>
								<line number="32" hits="2184" branch="false"/>
								<line number="33" hits="2184" branch="false"/>
								<line number="34" hits="2184" branch="true" condition-coverage="100% (2/2)">
									<conditions>
										<condition number="0" type="jump" coverage="100%"/>
									</conditions>
								</line>
								<line number="35" hits="14" branch="false"/>
								<line number="37" hits="2170" branch="false"/>
								<line number="38" hits="2170" branch="true" condition-coverage="50% (1/2)">
									<conditions>
										<condition number="0" type="jump" coverage="50%"/>
									</conditions>
								</line>
								<line number="39" hits="2170" branch="false"/>
								<line number="41" hits="0" branch="false"/>
							</lines>
						</method>
						<method name="chopName" signature="()Ljava/lang/String;" line-rate="0.5" branch-rate="1.0" complexity="0">
							<lines>
								<line number="61" hits="924" branch="false"/>
								<line number="62" hits="0" branch="false"/>
							</lines>
						</method>
						<method name="chopRuleSeparator" signature="()Ljava/lang/String;" line-rate="1.0" branch-rate="1.0" complexity="0">
							<lines>
								<line number="79" hits="63" branch="false"/>
							</lines>
						</method>
						<method name="chopRules" signature="([Ljava/lang/String;)[Lar/uba/fi/tdd/rulogic/model/Rule;" line-rate="0.9090909090909091" branch-rate="0.75" complexity="0">
							<lines>
								<line number="96" hits="49" branch="false"/>
								<line number="97" hits="49" branch="false"/>
								<line number="98" hits="49" branch="false"/>
								<line number="99" hits="49" branch="false"/>
								<line number="101" hits="112" branch="false"/>
								<line number="102" hits="112" branch="false"/>
								<line number="103" hits="112" branch="false"/>
								<line number="104" hits="112" branch="true" condition-coverage="75% (3/4)">
									<conditions>
										<condition number="0" type="jump" coverage="100%"/>
										<condition number="1" type="jump" coverage="50%"/>
									</conditions>
								</line>
								<line number="105" hits="49" branch="false"/>
								<line number="106" hits="49" branch="false"/>
								<line number="107" hits="0" branch="false"/>
							</lines>
						</method>
						<method name="chopVarSeparator" signature="()Ljava/lang/String;" line-rate="1.0" branch-rate="1.0" complexity="0">
							<lines>
								<line number="71" hits="238" branch="false"/>
							</lines>
						</method>
						<method name="chopVars" signature="()[Ljava/lang/String;" line-rate="1.0" branch-rate="0.75" complexity="0">
							<lines>
								<line number="84" hits="350" branch="false"/>
								<line number="85" hits="336" branch="false"/>
								<line number="87" hits="574" branch="false"/>
								<line number="88" hits="574" branch="true" condition-coverage="75% (3/4)">
									<conditions>
										<condition number="0" type="jump" coverage="100%"/>
										<condition number="1" type="jump" coverage="50%"/>
									</conditions>
								</line>
								<line number="89" hits="336" branch="false"/>
								<line number="90" hits="336" branch="false"/>
								<line number="91" hits="14" branch="false"/>
							</lines>
						</method>
						<method name="find" signature="(Ljava/lang/String;)Z" line-rate="1.0" branch-rate="1.0" complexity="0">
							<lines>
								<line number="53" hits="385" branch="false"/>
								<line number="54" hits="385" branch="false"/>
								<line number="55" hits="385" branch="false"/>
							</lines>
						</method>
						<method name="isFact" signature="()Z" line-rate="1.0" branch-rate="1.0" complexity="0">
							<lines>
								<line number="111" hits="385" branch="true" condition-coverage="100% (2/2)">
									<conditions>
										<condition number="0" type="jump" coverage="100%"/>
									</conditions>
								</line>
							</lines>
						</method>
						<method name="isFact" signature="(Ljava/lang/String;)Z" line-rate="1.0" branch-rate="1.0" complexity="0">
							<lines>
								<line number="116" hits="140" branch="false"/>
								<line number="117" hits="140" branch="false"/>
							</lines>
						</method>
						<method name="lastRule" signature="()Z" line-rate="1.0" branch-rate="1.0" complexity="0">
							<lines>
								<line number="75" hits="112" branch="false"/>
							</lines>
						</method>
						<method name="lastVar" signature="()Z" line-rate="1.0" branch-rate="1.0" complexity="0">
							<lines>
								<line number="67" hits="574" branch="false"/>
							</lines>
						</method>
						<method name="lookingAt" signature="(Ljava/lang/String;)Z" line-rate="1.0" branch-rate="1.0" complexity="0">
							<lines>
								<line number="46" hits="686" branch="false"/>
								<line number="47" hits="686" branch="false"/>
								<line number="48" hits="686" branch="false"/>
							</lines>
						</method>
						<method name="parseFact" signature="(Ljava/lang/String;)Ljava/util/TreeMap;" line-rate="0.875" branch-rate="0.5" complexity="0">
							<lines>
								<line number="140" hits="189" branch="false"/>
								<line number="141" hits="189" branch="true" condition-coverage="50% (1/2)">
									<conditions>
										<condition number="0" type="jump" coverage="50%"/>
									</conditions>
								</line>
								<line number="142" hits="0" branch="false"/>
								<line number="144" hits="189" branch="false"/>
								<line number="145" hits="189" branch="false"/>
								<line number="146" hits="175" branch="false"/>
								<line number="147" hits="175" branch="false"/>
								<line number="148" hits="14" branch="false"/>
							</lines>
						</method>
						<method name="parseRule" signature="(Ljava/lang/String;)Lar/uba/fi/tdd/rulogic/model/RuleAnd;" line-rate="1.0" branch-rate="1.0" complexity="0">
							<lines>
								<line number="122" hits="56" branch="false"/>
								<line number="123" hits="56" branch="true" condition-coverage="100% (2/2)">
									<conditions>
										<condition number="0" type="jump" coverage="100%"/>
									</conditions>
								</line>
								<line number="124" hits="7" branch="false"/>
								<line number="126" hits="49" branch="false"/>
								<line number="127" hits="49" branch="false"/>
								<line number="128" hits="49" branch="false"/>
								<line number="129" hits="161" branch="true" condition-coverage="100% (2/2)">
									<conditions>
										<condition number="0" type="jump" coverage="100%"/>
									</conditions>
								</line>
								<line number="130" hits="112" branch="false"/>
								<line number="132" hits="49" branch="false"/>
								<line number="133" hits="7" branch="false"/>
							</lines>
						</method>
						<method name="setStringToParse" signature="(Ljava/lang/String;)V" line-rate="1.0" branch-rate="1.0" complexity="0">
							<lines>
								<line number="24" hits="385" branch="false"/>
								<line number="25" hits="385" branch="false"/>
								<line number="26" hits="385" branch="false"/>
								<line number="27" hits="385" branch="false"/>
							</lines>
						</method>
					</methods>
					<lines>
						<line number="10" hits="0" branch="false"/>
						<line number="14" hits="7" branch="false"/>
						<line number="15" hits="7" branch="false"/>
						<line number="16" hits="7" branch="false"/>
						<line number="17" hits="7" branch="false"/>
						<line number="18" hits="7" branch="false"/>
						<line number="19" hits="7" branch="false"/>
						<line number="20" hits="7" branch="false"/>
						<line number="24" hits="385" branch="false"/>
						<line number="25" hits="385" branch="false"/>
						<line number="26" hits="385" branch="false"/>
						<line number="27" hits="385" branch="false"/>
						<line number="32" hits="2184" branch="false"/>
						<line number="33" hits="2184" branch="false"/>
						<line number="34" hits="2184" branch="true" condition-coverage="100% (2/2)">
							<conditions>
								<condition number="0" type="jump" coverage="100%"/>
							</conditions>
						</line>
						<line number="35" hits="14" branch="false"/>
						<line number="37" hits="2170" branch="false"/>
						<line number="38" hits="2170" branch="true" condition-coverage="50% (1/2)">
							<conditions>
								<condition number="0" type="jump" coverage="50%"/>
							</conditions>
						</line>
						<line number="39" hits="2170" branch="false"/>
						<line number="41" hits="0" branch="false"/>
						<line number="46" hits="686" branch="false"/>
						<line number="47" hits="686" branch="false"/>
						<line number="48" hits="686" branch="false"/>
						<line number="53" hits="385" branch="false"/>
						<line number="54" hits="385" branch="false"/>
						<line number="55" hits="385" branch="false"/>
						<line number="61" hits="924" branch="false"/>
						<line number="62" hits="0" branch="false"/>
						<line number="67" hits="574" branch="false"/>
						<line number="71" hits="238" branch="false"/>
						<line number="75" hits="112" branch="false"/>
						<line number="79" hits="63" branch="false"/>
						<line number="84" hits="350" branch="false"/>
						<line number="85" hits="336" branch="false"/>
						<line number="87" hits="574" branch="false"/>
						<line number="88" hits="574" branch="true" condition-coverage="75% (3/4)">
							<conditions>
								<condition number="0" type="jump" coverage="100%"/>
								<condition number="1" type="jump" coverage="50%"/>
							</conditions>
						</line>
						<line number="89" hits="336" branch="false"/>
						<line number="90" hits="336" branch="false"/>
						<line number="91" hits="14" branch="false"/>
						<line number="96" hits="49" branch="false"/>
						<line number="97" hits="49" branch="false"/>
						<line number="98" hits="49" branch="false"/>
						<line number="99" hits="49" branch="false"/>
						<line number="101" hits="112" branch="false"/>
						<line number="102" hits="112" branch="false"/>
						<line number="103" hits="112" branch="false"/>
						<line number="104" hits="112" branch="true" condition-coverage="75% (3/4)">
							<conditions>
								<condition number="0" type="jump" coverage="100%"/>
								<condition number="1" type="jump" coverage="50%"/>
							</conditions>
						</line>
						<line number="105" hits="49" branch="false"/>
						<line number="106" hits="49" branch="false"/>
						<line number="107" hits="0" branch="false"/>
						<line number="111" hits="385" branch="true" condition-coverage="100% (2/2)">
							<conditions>
								<condition number="0" type="jump" coverage="100%"/>
							</conditions>
						</line>
						<line number="116" hits="140" branch="false"/>
						<line number="117" hits="140" branch="false"/>
						<line number="122" hits="56" branch="false"/>
						<line number="123" hits="56" branch="true" condition-coverage="100% (2/2)">
							<conditions>
								<condition number="0" type="jump" coverage="100%"/>
							</conditions>
						</line>
						<line number="124" hits="7" branch="false"/>
						<line number="126" hits="49" branch="false"/>
						<line number="127" hits="49" branch="false"/>
						<line number="128" hits="49" branch="false"/>
						<line number="129" hits="161" branch="true" condition-coverage="100% (2/2)">
							<conditions>
								<condition number="0" type="jump" coverage="100%"/>
							</conditions>
						</line>
						<line number="130" hits="112" branch="false"/>
						<line number="132" hits="49" branch="false"/>
						<line number="133" hits="7" branch="false"/>
						<line number="140" hits="189" branch="false"/>
						<line number="141" hits="189" branch="true" condition-coverage="50% (1/2)">
							<conditions>
								<condition number="0" type="jump" coverage="50%"/>
							</conditions>
						</line>
						<line number="142" hits="0" branch="false"/>
						<line number="144" hits="189" branch="false"/>
						<line number="145" hits="189" branch="false"/>
						<line number="146" hits="175" branch="false"/>
						<line number="147" hits="175" branch="false"/>
						<line number="148" hits="14" branch="false"/>
					</lines>
				</class>
				<class name="ar.uba.fi.tdd.rulogic.model.Rule" filename="ar/uba/fi/tdd/rulogic/model/Rule.java" line-rate="0.9230769230769231" branch-rate="1.0" complexity="1.0">
					<methods>
						<method name="&lt;init&gt;" signature="(Ljava/lang/String;)V" line-rate="1.0" branch-rate="1.0" complexity="0">
							<lines>
								<line number="4" hits="203" branch="false"/>
								<line number="8" hits="203" branch="false"/>
								<line number="9" hits="203" branch="false"/>
								<line number="10" hits="203" branch="false"/>
							</lines>
						</method>
						<method name="evaluate" signature="([Ljava/lang/String;Lar/uba/fi/tdd/rulogic/model/Db;)Z" line-rate="1.0" branch-rate="1.0" complexity="0">
							<lines>
								<line number="16" hits="91" branch="false"/>
								<line number="17" hits="91" branch="false"/>
								<line number="18" hits="91" branch="false"/>
								<line number="19" hits="91" branch="false"/>
								<line number="20" hits="91" branch="false"/>
							</lines>
						</method>
						<method name="getDb" signature="()Lar/uba/fi/tdd/rulogic/model/Db;" line-rate="0.0" branch-rate="1.0" complexity="0">
							<lines>
								<line number="33" hits="0" branch="false"/>
							</lines>
						</method>
						<method name="getName" signature="()Ljava/lang/String;" line-rate="1.0" branch-rate="1.0" complexity="0">
							<lines>
								<line number="24" hits="154" branch="false"/>
							</lines>
						</method>
						<method name="setDb" signature="(Lar/uba/fi/tdd/rulogic/model/Db;)V" line-rate="1.0" branch-rate="1.0" complexity="0">
							<lines>
								<line number="29" hits="70" branch="false"/>
								<line number="30" hits="70" branch="false"/>
							</lines>
						</method>
					</methods>
					<lines>
						<line number="4" hits="203" branch="false"/>
						<line number="8" hits="203" branch="false"/>
						<line number="9" hits="203" branch="false"/>
						<line number="10" hits="203" branch="false"/>
						<line number="16" hits="91" branch="false"/>
						<line number="17" hits="91" branch="false"/>
						<line number="18" hits="91" branch="false"/>
						<line number="19" hits="91" branch="false"/>
						<line number="20" hits="91" branch="false"/>
						<line number="24" hits="154" branch="false"/>
						<line number="29" hits="70" branch="false"/>
						<line number="30" hits="70" branch="false"/>
						<line number="33" hits="0" branch="false"/>
					</lines>
				</class>
				<class name="ar.uba.fi.tdd.rulogic.model.RuleAnd" filename="ar/uba/fi/tdd/rulogic/model/RuleAnd.java" line-rate="0.9166666666666666" branch-rate="0.75" complexity="1.6666666666666667">
					<methods>
						<method name="&lt;init&gt;" signature="(Ljava/lang/String;)V" line-rate="1.0" branch-rate="1.0" complexity="0">
							<lines>
								<line number="5" hits="56" branch="false"/>
								<line number="8" hits="56" branch="false"/>
								<line number="9" hits="56" branch="false"/>
							</lines>
						</method>
						<method name="and" signature="(Lar/uba/fi/tdd/rulogic/model/Rule;)V" line-rate="1.0" branch-rate="1.0" complexity="0">
							<lines>
								<line number="13" hits="126" branch="false"/>
								<line number="14" hits="126" branch="false"/>
							</lines>
						</method>
						<method name="evaluate" signature="([Ljava/lang/String;)Z" line-rate="0.8571428571428571" branch-rate="0.75" complexity="0">
							<lines>
								<line number="18" hits="35" branch="false"/>
								<line number="19" hits="35" branch="true" condition-coverage="100% (2/2)">
									<conditions>
										<condition number="0" type="jump" coverage="100%"/>
									</conditions>
								</line>
								<line number="20" hits="84" branch="true" condition-coverage="50% (1/2)">
									<conditions>
										<condition number="0" type="jump" coverage="50%"/>
									</conditions>
								</line>
								<line number="21" hits="84" branch="false"/>
								<line number="23" hits="0" branch="false"/>
								<line number="25" hits="84" branch="false"/>
								<line number="26" hits="35" branch="false"/>
							</lines>
						</method>
					</methods>
					<lines>
						<line number="5" hits="56" branch="false"/>
						<line number="8" hits="56" branch="false"/>
						<line number="9" hits="56" branch="false"/>
						<line number="13" hits="126" branch="false"/>
						<line number="14" hits="126" branch="false"/>
						<line number="18" hits="35" branch="false"/>
						<line number="19" hits="35" branch="true" condition-coverage="100% (2/2)">
							<conditions>
								<condition number="0" type="jump" coverage="100%"/>
							</conditions>
						</line>
						<line number="20" hits="84" branch="true" condition-coverage="50% (1/2)">
							<conditions>
								<condition number="0" type="jump" coverage="50%"/>
							</conditions>
						</line>
						<line number="21" hits="84" branch="false"/>
						<line number="23" hits="0" branch="false"/>
						<line number="25" hits="84" branch="false"/>
						<line number="26" hits="35" branch="false"/>
					</lines>
				</class>
				<class name="ar.uba.fi.tdd.rulogic.model.RuleFact" filename="ar/uba/fi/tdd/rulogic/model/RuleFact.java" line-rate="0.9" branch-rate="0.75" complexity="2.5">
					<methods>
						<method name="&lt;init&gt;" signature="(Ljava/lang/String;[I)V" line-rate="1.0" branch-rate="1.0" complexity="0">
							<lines>
								<line number="8" hits="147" branch="false"/>
								<line number="9" hits="147" branch="false"/>
								<line number="10" hits="147" branch="false"/>
							</lines>
						</method>
						<method name="evaluate" signature="([Ljava/lang/String;)Z" line-rate="0.8571428571428571" branch-rate="0.75" complexity="0">
							<lines>
								<line number="14" hits="119" branch="true" condition-coverage="50% (1/2)">
									<conditions>
										<condition number="0" type="jump" coverage="50%"/>
									</conditions>
								</line>
								<line number="15" hits="0" branch="false"/>
								<line number="17" hits="119" branch="false"/>
								<line number="18" hits="119" branch="false"/>
								<line number="19" hits="343" branch="true" condition-coverage="100% (2/2)">
									<conditions>
										<condition number="0" type="jump" coverage="100%"/>
									</conditions>
								</line>
								<line number="20" hits="224" branch="false"/>
								<line number="22" hits="119" branch="false"/>
							</lines>
						</method>
					</methods>
					<lines>
						<line number="8" hits="147" branch="false"/>
						<line number="9" hits="147" branch="false"/>
						<line number="10" hits="147" branch="false"/>
						<line number="14" hits="119" branch="true" condition-coverage="50% (1/2)">
							<conditions>
								<condition number="0" type="jump" coverage="50%"/>
							</conditions>
						</line>
						<line number="15" hits="0" branch="false"/>
						<line number="17" hits="119" branch="false"/>
						<line number="18" hits="119" branch="false"/>
						<line number="19" hits="343" branch="true" condition-coverage="100% (2/2)">
							<conditions>
								<condition number="0" type="jump" coverage="100%"/>
							</conditions>
						</line>
						<line number="20" hits="224" branch="false"/>
						<line number="22" hits="119" branch="false"/>
					</lines>
				</class>
				<class name="ar.uba.fi.tdd.rulogic.model.RuleFactBuilder" filename="ar/uba/fi/tdd/rulogic/model/RuleFactBuilder.java" line-rate="0.875" branch-rate="0.625" complexity="3.75">
					<methods>
						<method name="&lt;init&gt;" signature="()V" line-rate="1.0" branch-rate="1.0" complexity="0">
							<lines>
								<line number="3" hits="56" branch="false"/>
								<line number="4" hits="56" branch="false"/>
								<line number="5" hits="56" branch="false"/>
								<line number="6" hits="56" branch="false"/>
							</lines>
						</method>
						<method name="build" signature="()Lar/uba/fi/tdd/rulogic/model/RuleFact;" line-rate="0.6666666666666666" branch-rate="0.5" complexity="0">
							<lines>
								<line number="45" hits="119" branch="true" condition-coverage="50% (3/6)">
									<conditions>
										<condition number="0" type="jump" coverage="50%"/>
										<condition number="1" type="jump" coverage="50%"/>
										<condition number="2" type="jump" coverage="50%"/>
									</conditions>
								</line>
								<line number="46" hits="0" branch="false"/>
								<line number="48" hits="119" branch="false"/>
							</lines>
						</method>
						<method name="setName" signature="(Ljava/lang/String;)V" line-rate="1.0" branch-rate="1.0" complexity="0">
							<lines>
								<line number="10" hits="119" branch="false"/>
								<line number="11" hits="119" branch="false"/>
							</lines>
						</method>
						<method name="setParamOrder" signature="([Ljava/lang/String;)V" line-rate="0.8461538461538461" branch-rate="0.7" complexity="0">
							<lines>
								<line number="21" hits="119" branch="false"/>
								<line number="23" hits="119" branch="true" condition-coverage="50% (1/2)">
									<conditions>
										<condition number="0" type="jump" coverage="50%"/>
									</conditions>
								</line>
								<line number="24" hits="0" branch="false"/>
								<line number="27" hits="119" branch="false"/>
								<line number="29" hits="315" branch="true" condition-coverage="100% (2/2)">
									<conditions>
										<condition number="0" type="jump" coverage="100%"/>
									</conditions>
								</line>
								<line number="30" hits="336" branch="true" condition-coverage="50% (1/2)">
									<conditions>
										<condition number="0" type="jump" coverage="50%"/>
									</conditions>
								</line>
								<line number="31" hits="336" branch="true" condition-coverage="100% (2/2)">
									<conditions>
										<condition number="0" type="jump" coverage="100%"/>
									</conditions>
								</line>
								<line number="32" hits="196" branch="false"/>
								<line number="33" hits="196" branch="false"/>
								<line number="34" hits="196" branch="false"/>
								<line number="39" hits="119" branch="true" condition-coverage="50% (1/2)">
									<conditions>
										<condition number="0" type="jump" coverage="50%"/>
									</conditions>
								</line>
								<line number="40" hits="0" branch="false"/>
								<line number="42" hits="119" branch="false"/>
							</lines>
						</method>
						<method name="setVars" signature="([Ljava/lang/String;)V" line-rate="1.0" branch-rate="1.0" complexity="0">
							<lines>
								<line number="15" hits="56" branch="false"/>
								<line number="16" hits="56" branch="false"/>
							</lines>
						</method>
					</methods>
					<lines>
						<line number="3" hits="56" branch="false"/>
						<line number="4" hits="56" branch="false"/>
						<line number="5" hits="56" branch="false"/>
						<line number="6" hits="56" branch="false"/>
						<line number="10" hits="119" branch="false"/>
						<line number="11" hits="119" branch="false"/>
						<line number="15" hits="56" branch="false"/>
						<line number="16" hits="56" branch="false"/>
						<line number="21" hits="119" branch="false"/>
						<line number="23" hits="119" branch="true" condition-coverage="50% (1/2)">
							<conditions>
								<condition number="0" type="jump" coverage="50%"/>
							</conditions>
						</line>
						<line number="24" hits="0" branch="false"/>
						<line number="27" hits="119" branch="false"/>
						<line number="29" hits="315" branch="true" condition-coverage="100% (2/2)">
							<conditions>
								<condition number="0" type="jump" coverage="100%"/>
							</conditions>
						</line>
						<line number="30" hits="336" branch="true" condition-coverage="50% (1/2)">
							<conditions>
								<condition number="0" type="jump" coverage="50%"/>
							</conditions>
						</line>
						<line number="31" hits="336" branch="true" condition-coverage="100% (2/2)">
							<conditions>
								<condition number="0" type="jump" coverage="100%"/>
							</conditions>
						</line>
						<line number="32" hits="196" branch="false"/>
						<line number="33" hits="196" branch="false"/>
						<line number="34" hits="196" branch="false"/>
						<line number="39" hits="119" branch="true" condition-coverage="50% (1/2)">
							<conditions>
								<condition number="0" type="jump" coverage="50%"/>
							</conditions>
						</line>
						<line number="40" hits="0" branch="false"/>
						<line number="42" hits="119" branch="false"/>
						<line number="45" hits="119" branch="true" condition-coverage="50% (3/6)">
							<conditions>
								<condition number="0" type="jump" coverage="50%"/>
								<condition number="1" type="jump" coverage="50%"/>
								<condition number="2" type="jump" coverage="50%"/>
							</conditions>
						</line>
						<line number="46" hits="0" branch="false"/>
						<line number="48" hits="119" branch="false"/>
					</lines>
				</class>
			</classes>
		</package>
	</packages>
</coverage>
